2023-05-09 17:11:49 INFO  log:170 - Logging initialized @1706ms to org.eclipse.jetty.util.log.Slf4jLog
2023-05-09 17:11:50 INFO  Server:375 - jetty-9.4.43.v20210629; built: 2021-06-30T11:07:22.254Z; git: 526006ecfa3af7f1a27ef3a288e2bef7ea9dd7e8; jvm 11.0.18+10-post-Ubuntu-0ubuntu120.04.1
2023-05-09 17:11:50 INFO  AnnotationConfiguration:473 - Scanning elapsed time=0ms
2023-05-09 17:11:50 INFO  session:334 - DefaultSessionIdManager workerName=node0
2023-05-09 17:11:50 INFO  session:339 - No SessionScavenger set, using defaults
2023-05-09 17:11:50 INFO  session:132 - node0 Scavenging every 600000ms
2023-05-09 17:11:50 INFO  ContextHandler:915 - Started o.e.j.w.WebAppContext@58e98473{/,file:///home/jinx/workspace/github/dgucc/java/panama/src/main/webapp/,AVAILABLE}
2023-05-09 17:11:50 INFO  AbstractConnector:331 - Started ServerConnector@2483c604{HTTP/1.1, (http/1.1)}{0.0.0.0:8080}
2023-05-09 17:11:50 INFO  Server:415 - Started @2372ms
2023-05-09 17:12:02 INFO  UploadCsv:42 - 0219919487,Société Regionale d'Investissement de Wallonie,0405747040,PRAYON,LF A2
0219919487,Société Regionale d'Investissement de Wallonie,0418217577,Société Nationale de Construction Aérospatiale,LF A2
0219919487,Société Regionale d'Investissement de Wallonie,0419202029,B.E. FIN SA,Liege
0219919487,Société Regionale d'Investissement de Wallonie,0421988404,FIWAPAC SA,Liege
0219919487,Société Regionale d'Investissement de Wallonie,0426091207,SOFIBAIL SA,Liege
0219919487,Société Regionale d'Investissement de Wallonie,0426516918,SRIW ENVIRONNEMENT SA,Liege
0219919487,Société Regionale d'Investissement de Wallonie,0429547573,SRIW FINANCE SA,Liege
0219919487,Société Regionale d'Investissement de Wallonie,0434854760,SRIW IMMOBILIER SA,Liege
0219919487,Société Regionale d'Investissement de Wallonie,0437249076,SYNERGIES WALLONIE SA,Liege
0219919487,Société Regionale d'Investissement de Wallonie,0455653441,SOWECSOM SA,Liege
0219919487,Société Regionale d'Investissement de Wallonie,0466557627,Société DE FINANCEMENT DES EAUX SA,Liege
0219919487,Société Regionale d'Investissement de Wallonie,0657816980,WOW SA,Liege
0405747040,PRAYON,0425177823,Société INDUSTRIELLE LIEGEOISE DES OXYDES,LF A2
0405747040,PRAYON,0405742090,PRAYON BENELUX SA,Liege
0405747040,PRAYON,0419644566,PRAYON TECHNOLOGIES SA,Liege
0405747040,PRAYON,0440744838,beLife SA,Liege
0405747040,PRAYON,0846150202,beLife Intermediates SA,Liege
0418217577,Société Nationale de Construction Aérospatiale,0444302758,HOMIFREEZ,bestand centra
0418217577,Société Nationale de Construction Aérospatiale,0631792672,SONACA VENTURES HOLDING,SCS
0418217577,Société Nationale de Construction Aérospatiale,0637867149,SONACA AIRCRAFT,SCS
0425177823,Société INDUSTRIELLE LIEGEOISE DES OXYDES,0401872483,JEAN GOLDSCHMIDT INTERNATIONAL,LF A2
0425177823,Société INDUSTRIELLE LIEGEOISE DES OXYDES,0401872483,JEAN GOLDSCHMIDT INTERNATIONAL,Liege
0425177823,Société INDUSTRIELLE LIEGEOISE DES OXYDES,0425177823,Société INDUSTRIELLE LIEGEOISE DES OXYDES,Liege
0425177823,Société INDUSTRIELLE LIEGEOISE DES OXYDES,0427416939,HYDROMETAL,Liege
0426516918,SRIW ENVIRONNEMENT SA,0435376382,NV DEME ENVIRONMENTAL CONTRACTORS,LF A2
0429547573,SRIW FINANCE SA,0407026747,SA LIBEERT,LF A2

2023-05-09 17:12:57 INFO  UploadCsv:42 - 0219919487,Société Regionale d'Investissement de Wallonie,0405747040,PRAYON,LF A2
0219919487,Société Regionale d'Investissement de Wallonie,0418217577,Société Nationale de Construction Aérospatiale,LF A2
0219919487,Société Regionale d'Investissement de Wallonie,0419202029,B.E. FIN SA,Liege
0219919487,Société Regionale d'Investissement de Wallonie,0421988404,FIWAPAC SA,Liege
0219919487,Société Regionale d'Investissement de Wallonie,0426091207,SOFIBAIL SA,Liege
0219919487,Société Regionale d'Investissement de Wallonie,0426516918,SRIW ENVIRONNEMENT SA,Liege
0219919487,Société Regionale d'Investissement de Wallonie,0429547573,SRIW FINANCE SA,Liege
0219919487,Société Regionale d'Investissement de Wallonie,0434854760,SRIW IMMOBILIER SA,Liege
0219919487,Société Regionale d'Investissement de Wallonie,0437249076,SYNERGIES WALLONIE SA,Liege
0219919487,Société Regionale d'Investissement de Wallonie,0455653441,SOWECSOM SA,Liege
0219919487,Société Regionale d'Investissement de Wallonie,0466557627,Société DE FINANCEMENT DES EAUX SA,Liege
0219919487,Société Regionale d'Investissement de Wallonie,0657816980,WOW SA,Liege
0405747040,PRAYON,0425177823,Société INDUSTRIELLE LIEGEOISE DES OXYDES,LF A2
0405747040,PRAYON,0405742090,PRAYON BENELUX SA,Liege
0405747040,PRAYON,0419644566,PRAYON TECHNOLOGIES SA,Liege
0405747040,PRAYON,0440744838,beLife SA,Liege
0405747040,PRAYON,0846150202,beLife Intermediates SA,Liege
0418217577,Société Nationale de Construction Aérospatiale,0444302758,HOMIFREEZ,bestand centra
0418217577,Société Nationale de Construction Aérospatiale,0631792672,SONACA VENTURES HOLDING,SCS
0418217577,Société Nationale de Construction Aérospatiale,0637867149,SONACA AIRCRAFT,SCS
0425177823,Société INDUSTRIELLE LIEGEOISE DES OXYDES,0401872483,JEAN GOLDSCHMIDT INTERNATIONAL,LF A2
0425177823,Société INDUSTRIELLE LIEGEOISE DES OXYDES,0401872483,JEAN GOLDSCHMIDT INTERNATIONAL,Liege
0425177823,Société INDUSTRIELLE LIEGEOISE DES OXYDES,0425177823,Société INDUSTRIELLE LIEGEOISE DES OXYDES,Liege
0425177823,Société INDUSTRIELLE LIEGEOISE DES OXYDES,0427416939,HYDROMETAL,Liege
0426516918,SRIW ENVIRONNEMENT SA,0435376382,NV DEME ENVIRONMENTAL CONTRACTORS,LF A2
0429547573,SRIW FINANCE SA,0407026747,SA LIBEERT,LF A2

2023-05-09 17:13:59 INFO  UploadCsv:42 - 
2023-05-09 17:14:05 INFO  UploadCsv:42 - 0219919487,Société Regionale d'Investissement de Wallonie,0405747040,PRAYON,LF A2
0219919487,Société Regionale d'Investissement de Wallonie,0418217577,Société Nationale de Construction Aérospatiale,LF A2
0219919487,Société Regionale d'Investissement de Wallonie,0419202029,B.E. FIN SA,Liege
0219919487,Société Regionale d'Investissement de Wallonie,0421988404,FIWAPAC SA,Liege
0219919487,Société Regionale d'Investissement de Wallonie,0426091207,SOFIBAIL SA,Liege
0219919487,Société Regionale d'Investissement de Wallonie,0426516918,SRIW ENVIRONNEMENT SA,Liege
0219919487,Société Regionale d'Investissement de Wallonie,0429547573,SRIW FINANCE SA,Liege
0219919487,Société Regionale d'Investissement de Wallonie,0434854760,SRIW IMMOBILIER SA,Liege
0219919487,Société Regionale d'Investissement de Wallonie,0437249076,SYNERGIES WALLONIE SA,Liege
0219919487,Société Regionale d'Investissement de Wallonie,0455653441,SOWECSOM SA,Liege
0219919487,Société Regionale d'Investissement de Wallonie,0466557627,Société DE FINANCEMENT DES EAUX SA,Liege
0219919487,Société Regionale d'Investissement de Wallonie,0657816980,WOW SA,Liege
0405747040,PRAYON,0425177823,Société INDUSTRIELLE LIEGEOISE DES OXYDES,LF A2
0405747040,PRAYON,0405742090,PRAYON BENELUX SA,Liege
0405747040,PRAYON,0419644566,PRAYON TECHNOLOGIES SA,Liege
0405747040,PRAYON,0440744838,beLife SA,Liege
0405747040,PRAYON,0846150202,beLife Intermediates SA,Liege
0418217577,Société Nationale de Construction Aérospatiale,0444302758,HOMIFREEZ,bestand centra
0418217577,Société Nationale de Construction Aérospatiale,0631792672,SONACA VENTURES HOLDING,SCS
0418217577,Société Nationale de Construction Aérospatiale,0637867149,SONACA AIRCRAFT,SCS
0425177823,Société INDUSTRIELLE LIEGEOISE DES OXYDES,0401872483,JEAN GOLDSCHMIDT INTERNATIONAL,LF A2
0425177823,Société INDUSTRIELLE LIEGEOISE DES OXYDES,0401872483,JEAN GOLDSCHMIDT INTERNATIONAL,Liege
0425177823,Société INDUSTRIELLE LIEGEOISE DES OXYDES,0425177823,Société INDUSTRIELLE LIEGEOISE DES OXYDES,Liege
0425177823,Société INDUSTRIELLE LIEGEOISE DES OXYDES,0427416939,HYDROMETAL,Liege
0426516918,SRIW ENVIRONNEMENT SA,0435376382,NV DEME ENVIRONMENTAL CONTRACTORS,LF A2
0429547573,SRIW FINANCE SA,0407026747,SA LIBEERT,LF A2

2023-05-09 17:14:12 INFO  UploadCsv:42 - 0219919487,Société Regionale d'Investissement de Wallonie,0405747040,PRAYON,LF A2
0219919487,Société Regionale d'Investissement de Wallonie,0418217577,Société Nationale de Construction Aérospatiale,LF A2
0219919487,Société Regionale d'Investissement de Wallonie,0419202029,B.E. FIN SA,Liege
0219919487,Société Regionale d'Investissement de Wallonie,0421988404,FIWAPAC SA,Liege
0219919487,Société Regionale d'Investissement de Wallonie,0426091207,SOFIBAIL SA,Liege
0219919487,Société Regionale d'Investissement de Wallonie,0426516918,SRIW ENVIRONNEMENT SA,Liege
0219919487,Société Regionale d'Investissement de Wallonie,0429547573,SRIW FINANCE SA,Liege
0219919487,Société Regionale d'Investissement de Wallonie,0434854760,SRIW IMMOBILIER SA,Liege
0219919487,Société Regionale d'Investissement de Wallonie,0437249076,SYNERGIES WALLONIE SA,Liege
0219919487,Société Regionale d'Investissement de Wallonie,0455653441,SOWECSOM SA,Liege
0219919487,Société Regionale d'Investissement de Wallonie,0466557627,Société DE FINANCEMENT DES EAUX SA,Liege
0219919487,Société Regionale d'Investissement de Wallonie,0657816980,WOW SA,Liege
0405747040,PRAYON,0425177823,Société INDUSTRIELLE LIEGEOISE DES OXYDES,LF A2
0405747040,PRAYON,0405742090,PRAYON BENELUX SA,Liege
0405747040,PRAYON,0419644566,PRAYON TECHNOLOGIES SA,Liege
0405747040,PRAYON,0440744838,beLife SA,Liege
0405747040,PRAYON,0846150202,beLife Intermediates SA,Liege
0418217577,Société Nationale de Construction Aérospatiale,0444302758,HOMIFREEZ,bestand centra
0418217577,Société Nationale de Construction Aérospatiale,0631792672,SONACA VENTURES HOLDING,SCS
0418217577,Société Nationale de Construction Aérospatiale,0637867149,SONACA AIRCRAFT,SCS
0425177823,Société INDUSTRIELLE LIEGEOISE DES OXYDES,0401872483,JEAN GOLDSCHMIDT INTERNATIONAL,LF A2
0425177823,Société INDUSTRIELLE LIEGEOISE DES OXYDES,0401872483,JEAN GOLDSCHMIDT INTERNATIONAL,Liege
0425177823,Société INDUSTRIELLE LIEGEOISE DES OXYDES,0425177823,Société INDUSTRIELLE LIEGEOISE DES OXYDES,Liege
0425177823,Société INDUSTRIELLE LIEGEOISE DES OXYDES,0427416939,HYDROMETAL,Liege
0426516918,SRIW ENVIRONNEMENT SA,0435376382,NV DEME ENVIRONMENTAL CONTRACTORS,LF A2
0429547573,SRIW FINANCE SA,0407026747,SA LIBEERT,LF A2

2023-05-09 17:16:52 INFO  UploadCsv:42 - 0219919487,Société Regionale d'Investissement de Wallonie,0405747040,PRAYON,LF A2
0219919487,Société Regionale d'Investissement de Wallonie,0418217577,Société Nationale de Construction Aérospatiale,LF A2
0219919487,Société Regionale d'Investissement de Wallonie,0419202029,B.E. FIN SA,Liege
0219919487,Société Regionale d'Investissement de Wallonie,0421988404,FIWAPAC SA,Liege
0219919487,Société Regionale d'Investissement de Wallonie,0426091207,SOFIBAIL SA,Liege
0219919487,Société Regionale d'Investissement de Wallonie,0426516918,SRIW ENVIRONNEMENT SA,Liege
0219919487,Société Regionale d'Investissement de Wallonie,0429547573,SRIW FINANCE SA,Liege
0219919487,Société Regionale d'Investissement de Wallonie,0434854760,SRIW IMMOBILIER SA,Liege
0219919487,Société Regionale d'Investissement de Wallonie,0437249076,SYNERGIES WALLONIE SA,Liege
0219919487,Société Regionale d'Investissement de Wallonie,0455653441,SOWECSOM SA,Liege
0219919487,Société Regionale d'Investissement de Wallonie,0466557627,Société DE FINANCEMENT DES EAUX SA,Liege
0219919487,Société Regionale d'Investissement de Wallonie,0657816980,WOW SA,Liege
0405747040,PRAYON,0425177823,Société INDUSTRIELLE LIEGEOISE DES OXYDES,LF A2
0405747040,PRAYON,0405742090,PRAYON BENELUX SA,Liege
0405747040,PRAYON,0419644566,PRAYON TECHNOLOGIES SA,Liege
0405747040,PRAYON,0440744838,beLife SA,Liege
0405747040,PRAYON,0846150202,beLife Intermediates SA,Liege
0418217577,Société Nationale de Construction Aérospatiale,0444302758,HOMIFREEZ,bestand centra
0418217577,Société Nationale de Construction Aérospatiale,0631792672,SONACA VENTURES HOLDING,SCS
0418217577,Société Nationale de Construction Aérospatiale,0637867149,SONACA AIRCRAFT,SCS
0425177823,Société INDUSTRIELLE LIEGEOISE DES OXYDES,0401872483,JEAN GOLDSCHMIDT INTERNATIONAL,LF A2
0425177823,Société INDUSTRIELLE LIEGEOISE DES OXYDES,0401872483,JEAN GOLDSCHMIDT INTERNATIONAL,Liege
0425177823,Société INDUSTRIELLE LIEGEOISE DES OXYDES,0425177823,Société INDUSTRIELLE LIEGEOISE DES OXYDES,Liege
0425177823,Société INDUSTRIELLE LIEGEOISE DES OXYDES,0427416939,HYDROMETAL,Liege
0426516918,SRIW ENVIRONNEMENT SA,0435376382,NV DEME ENVIRONMENTAL CONTRACTORS,LF A2
0429547573,SRIW FINANCE SA,0407026747,SA LIBEERT,LF A2

2023-05-09 17:17:30 INFO  UploadCsv:42 - 0219919487,Société Regionale d'Investissement de Wallonie,0405747040,PRAYON,LF A2
0219919487,Société Regionale d'Investissement de Wallonie,0418217577,Société Nationale de Construction Aérospatiale,LF A2
0219919487,Société Regionale d'Investissement de Wallonie,0419202029,B.E. FIN SA,Liege
0219919487,Société Regionale d'Investissement de Wallonie,0421988404,FIWAPAC SA,Liege
0219919487,Société Regionale d'Investissement de Wallonie,0426091207,SOFIBAIL SA,Liege
0219919487,Société Regionale d'Investissement de Wallonie,0426516918,SRIW ENVIRONNEMENT SA,Liege
0219919487,Société Regionale d'Investissement de Wallonie,0429547573,SRIW FINANCE SA,Liege
0219919487,Société Regionale d'Investissement de Wallonie,0434854760,SRIW IMMOBILIER SA,Liege
0219919487,Société Regionale d'Investissement de Wallonie,0437249076,SYNERGIES WALLONIE SA,Liege
0219919487,Société Regionale d'Investissement de Wallonie,0455653441,SOWECSOM SA,Liege
0219919487,Société Regionale d'Investissement de Wallonie,0466557627,Société DE FINANCEMENT DES EAUX SA,Liege
0219919487,Société Regionale d'Investissement de Wallonie,0657816980,WOW SA,Liege
0405747040,PRAYON,0425177823,Société INDUSTRIELLE LIEGEOISE DES OXYDES,LF A2
0405747040,PRAYON,0405742090,PRAYON BENELUX SA,Liege
0405747040,PRAYON,0419644566,PRAYON TECHNOLOGIES SA,Liege
0405747040,PRAYON,0440744838,beLife SA,Liege
0405747040,PRAYON,0846150202,beLife Intermediates SA,Liege
0418217577,Société Nationale de Construction Aérospatiale,0444302758,HOMIFREEZ,bestand centra
0418217577,Société Nationale de Construction Aérospatiale,0631792672,SONACA VENTURES HOLDING,SCS
0418217577,Société Nationale de Construction Aérospatiale,0637867149,SONACA AIRCRAFT,SCS
0425177823,Société INDUSTRIELLE LIEGEOISE DES OXYDES,0401872483,JEAN GOLDSCHMIDT INTERNATIONAL,LF A2
0425177823,Société INDUSTRIELLE LIEGEOISE DES OXYDES,0401872483,JEAN GOLDSCHMIDT INTERNATIONAL,Liege
0425177823,Société INDUSTRIELLE LIEGEOISE DES OXYDES,0425177823,Société INDUSTRIELLE LIEGEOISE DES OXYDES,Liege
0425177823,Société INDUSTRIELLE LIEGEOISE DES OXYDES,0427416939,HYDROMETAL,Liege
0426516918,SRIW ENVIRONNEMENT SA,0435376382,NV DEME ENVIRONMENTAL CONTRACTORS,LF A2
0429547573,SRIW FINANCE SA,0407026747,SA LIBEERT,LF A2

2023-05-09 17:18:28 INFO  UploadCsv:42 - 0219919487,Société Regionale d'Investissement de Wallonie,0405747040,PRAYON,LF A2
0219919487,Société Regionale d'Investissement de Wallonie,0418217577,Société Nationale de Construction Aérospatiale,LF A2
0219919487,Société Regionale d'Investissement de Wallonie,0419202029,B.E. FIN SA,Liege
0219919487,Société Regionale d'Investissement de Wallonie,0421988404,FIWAPAC SA,Liege
0219919487,Société Regionale d'Investissement de Wallonie,0426091207,SOFIBAIL SA,Liege
0219919487,Société Regionale d'Investissement de Wallonie,0426516918,SRIW ENVIRONNEMENT SA,Liege
0219919487,Société Regionale d'Investissement de Wallonie,0429547573,SRIW FINANCE SA,Liege
0219919487,Société Regionale d'Investissement de Wallonie,0434854760,SRIW IMMOBILIER SA,Liege
0219919487,Société Regionale d'Investissement de Wallonie,0437249076,SYNERGIES WALLONIE SA,Liege
0219919487,Société Regionale d'Investissement de Wallonie,0455653441,SOWECSOM SA,Liege
0219919487,Société Regionale d'Investissement de Wallonie,0466557627,Société DE FINANCEMENT DES EAUX SA,Liege
0219919487,Société Regionale d'Investissement de Wallonie,0657816980,WOW SA,Liege
0405747040,PRAYON,0425177823,Société INDUSTRIELLE LIEGEOISE DES OXYDES,LF A2
0405747040,PRAYON,0405742090,PRAYON BENELUX SA,Liege
0405747040,PRAYON,0419644566,PRAYON TECHNOLOGIES SA,Liege
0405747040,PRAYON,0440744838,beLife SA,Liege
0405747040,PRAYON,0846150202,beLife Intermediates SA,Liege
0418217577,Société Nationale de Construction Aérospatiale,0444302758,HOMIFREEZ,bestand centra
0418217577,Société Nationale de Construction Aérospatiale,0631792672,SONACA VENTURES HOLDING,SCS
0418217577,Société Nationale de Construction Aérospatiale,0637867149,SONACA AIRCRAFT,SCS
0425177823,Société INDUSTRIELLE LIEGEOISE DES OXYDES,0401872483,JEAN GOLDSCHMIDT INTERNATIONAL,LF A2
0425177823,Société INDUSTRIELLE LIEGEOISE DES OXYDES,0401872483,JEAN GOLDSCHMIDT INTERNATIONAL,Liege
0425177823,Société INDUSTRIELLE LIEGEOISE DES OXYDES,0425177823,Société INDUSTRIELLE LIEGEOISE DES OXYDES,Liege
0425177823,Société INDUSTRIELLE LIEGEOISE DES OXYDES,0427416939,HYDROMETAL,Liege
0426516918,SRIW ENVIRONNEMENT SA,0435376382,NV DEME ENVIRONMENTAL CONTRACTORS,LF A2
0429547573,SRIW FINANCE SA,0407026747,SA LIBEERT,LF A2

2023-05-09 17:18:49 INFO  UploadCsv:42 - 0219919487,Société Regionale d'Investissement de Wallonie,0405747040,PRAYON,LF A2
0219919487,Société Regionale d'Investissement de Wallonie,0418217577,Société Nationale de Construction Aérospatiale,LF A2
0219919487,Société Regionale d'Investissement de Wallonie,0419202029,B.E. FIN SA,Liege
0219919487,Société Regionale d'Investissement de Wallonie,0421988404,FIWAPAC SA,Liege
0219919487,Société Regionale d'Investissement de Wallonie,0426091207,SOFIBAIL SA,Liege
0219919487,Société Regionale d'Investissement de Wallonie,0426516918,SRIW ENVIRONNEMENT SA,Liege
0219919487,Société Regionale d'Investissement de Wallonie,0429547573,SRIW FINANCE SA,Liege
0219919487,Société Regionale d'Investissement de Wallonie,0434854760,SRIW IMMOBILIER SA,Liege
0219919487,Société Regionale d'Investissement de Wallonie,0437249076,SYNERGIES WALLONIE SA,Liege
0219919487,Société Regionale d'Investissement de Wallonie,0455653441,SOWECSOM SA,Liege
0219919487,Société Regionale d'Investissement de Wallonie,0466557627,Société DE FINANCEMENT DES EAUX SA,Liege
0219919487,Société Regionale d'Investissement de Wallonie,0657816980,WOW SA,Liege
0405747040,PRAYON,0425177823,Société INDUSTRIELLE LIEGEOISE DES OXYDES,LF A2
0405747040,PRAYON,0405742090,PRAYON BENELUX SA,Liege
0405747040,PRAYON,0419644566,PRAYON TECHNOLOGIES SA,Liege
0405747040,PRAYON,0440744838,beLife SA,Liege
0405747040,PRAYON,0846150202,beLife Intermediates SA,Liege
0418217577,Société Nationale de Construction Aérospatiale,0444302758,HOMIFREEZ,bestand centra
0418217577,Société Nationale de Construction Aérospatiale,0631792672,SONACA VENTURES HOLDING,SCS
0418217577,Société Nationale de Construction Aérospatiale,0637867149,SONACA AIRCRAFT,SCS
0425177823,Société INDUSTRIELLE LIEGEOISE DES OXYDES,0401872483,JEAN GOLDSCHMIDT INTERNATIONAL,LF A2
0425177823,Société INDUSTRIELLE LIEGEOISE DES OXYDES,0401872483,JEAN GOLDSCHMIDT INTERNATIONAL,Liege
0425177823,Société INDUSTRIELLE LIEGEOISE DES OXYDES,0425177823,Société INDUSTRIELLE LIEGEOISE DES OXYDES,Liege
0425177823,Société INDUSTRIELLE LIEGEOISE DES OXYDES,0427416939,HYDROMETAL,Liege
0426516918,SRIW ENVIRONNEMENT SA,0435376382,NV DEME ENVIRONMENTAL CONTRACTORS,LF A2
0429547573,SRIW FINANCE SA,0407026747,SA LIBEERT,LF A2

2023-05-09 17:19:23 INFO  UploadCsv:42 - 0219919487,Société Regionale d'Investissement de Wallonie,0405747040,PRAYON,LF A2
0219919487,Société Regionale d'Investissement de Wallonie,0418217577,Société Nationale de Construction Aérospatiale,LF A2
0219919487,Société Regionale d'Investissement de Wallonie,0419202029,B.E. FIN SA,Liege
0219919487,Société Regionale d'Investissement de Wallonie,0421988404,FIWAPAC SA,Liege
0219919487,Société Regionale d'Investissement de Wallonie,0426091207,SOFIBAIL SA,Liege
0219919487,Société Regionale d'Investissement de Wallonie,0426516918,SRIW ENVIRONNEMENT SA,Liege
0219919487,Société Regionale d'Investissement de Wallonie,0429547573,SRIW FINANCE SA,Liege
0219919487,Société Regionale d'Investissement de Wallonie,0434854760,SRIW IMMOBILIER SA,Liege
0219919487,Société Regionale d'Investissement de Wallonie,0437249076,SYNERGIES WALLONIE SA,Liege
0219919487,Société Regionale d'Investissement de Wallonie,0455653441,SOWECSOM SA,Liege
0219919487,Société Regionale d'Investissement de Wallonie,0466557627,Société DE FINANCEMENT DES EAUX SA,Liege
0219919487,Société Regionale d'Investissement de Wallonie,0657816980,WOW SA,Liege
0405747040,PRAYON,0425177823,Société INDUSTRIELLE LIEGEOISE DES OXYDES,LF A2
0405747040,PRAYON,0405742090,PRAYON BENELUX SA,Liege
0405747040,PRAYON,0419644566,PRAYON TECHNOLOGIES SA,Liege
0405747040,PRAYON,0440744838,beLife SA,Liege
0405747040,PRAYON,0846150202,beLife Intermediates SA,Liege
0418217577,Société Nationale de Construction Aérospatiale,0444302758,HOMIFREEZ,bestand centra
0418217577,Société Nationale de Construction Aérospatiale,0631792672,SONACA VENTURES HOLDING,SCS
0418217577,Société Nationale de Construction Aérospatiale,0637867149,SONACA AIRCRAFT,SCS
0425177823,Société INDUSTRIELLE LIEGEOISE DES OXYDES,0401872483,JEAN GOLDSCHMIDT INTERNATIONAL,LF A2
0425177823,Société INDUSTRIELLE LIEGEOISE DES OXYDES,0401872483,JEAN GOLDSCHMIDT INTERNATIONAL,Liege
0425177823,Société INDUSTRIELLE LIEGEOISE DES OXYDES,0425177823,Société INDUSTRIELLE LIEGEOISE DES OXYDES,Liege
0425177823,Société INDUSTRIELLE LIEGEOISE DES OXYDES,0427416939,HYDROMETAL,Liege
0426516918,SRIW ENVIRONNEMENT SA,0435376382,NV DEME ENVIRONMENTAL CONTRACTORS,LF A2
0429547573,SRIW FINANCE SA,0407026747,SA LIBEERT,LF A2

2023-05-09 17:19:59 INFO  UploadCsv:42 - 0219919487,Société Regionale d'Investissement de Wallonie,0405747040,PRAYON,LF A2
0219919487,Société Regionale d'Investissement de Wallonie,0418217577,Société Nationale de Construction Aérospatiale,LF A2
0219919487,Société Regionale d'Investissement de Wallonie,0419202029,B.E. FIN SA,Liege
0219919487,Société Regionale d'Investissement de Wallonie,0421988404,FIWAPAC SA,Liege
0219919487,Société Regionale d'Investissement de Wallonie,0426091207,SOFIBAIL SA,Liege
0219919487,Société Regionale d'Investissement de Wallonie,0426516918,SRIW ENVIRONNEMENT SA,Liege
0219919487,Société Regionale d'Investissement de Wallonie,0429547573,SRIW FINANCE SA,Liege
0219919487,Société Regionale d'Investissement de Wallonie,0434854760,SRIW IMMOBILIER SA,Liege
0219919487,Société Regionale d'Investissement de Wallonie,0437249076,SYNERGIES WALLONIE SA,Liege
0219919487,Société Regionale d'Investissement de Wallonie,0455653441,SOWECSOM SA,Liege
0219919487,Société Regionale d'Investissement de Wallonie,0466557627,Société DE FINANCEMENT DES EAUX SA,Liege
0219919487,Société Regionale d'Investissement de Wallonie,0657816980,WOW SA,Liege
0405747040,PRAYON,0425177823,Société INDUSTRIELLE LIEGEOISE DES OXYDES,LF A2
0405747040,PRAYON,0405742090,PRAYON BENELUX SA,Liege
0405747040,PRAYON,0419644566,PRAYON TECHNOLOGIES SA,Liege
0405747040,PRAYON,0440744838,beLife SA,Liege
0405747040,PRAYON,0846150202,beLife Intermediates SA,Liege
0418217577,Société Nationale de Construction Aérospatiale,0444302758,HOMIFREEZ,bestand centra
0418217577,Société Nationale de Construction Aérospatiale,0631792672,SONACA VENTURES HOLDING,SCS
0418217577,Société Nationale de Construction Aérospatiale,0637867149,SONACA AIRCRAFT,SCS
0425177823,Société INDUSTRIELLE LIEGEOISE DES OXYDES,0401872483,JEAN GOLDSCHMIDT INTERNATIONAL,LF A2
0425177823,Société INDUSTRIELLE LIEGEOISE DES OXYDES,0401872483,JEAN GOLDSCHMIDT INTERNATIONAL,Liege
0425177823,Société INDUSTRIELLE LIEGEOISE DES OXYDES,0425177823,Société INDUSTRIELLE LIEGEOISE DES OXYDES,Liege
0425177823,Société INDUSTRIELLE LIEGEOISE DES OXYDES,0427416939,HYDROMETAL,Liege
0426516918,SRIW ENVIRONNEMENT SA,0435376382,NV DEME ENVIRONMENTAL CONTRACTORS,LF A2
0429547573,SRIW FINANCE SA,0407026747,SA LIBEERT,LF A2

2023-05-09 17:21:43 INFO  UploadCsv:42 - 0219919487,Société Regionale d'Investissement de Wallonie,0405747040,PRAYON,LF A2
0219919487,Société Regionale d'Investissement de Wallonie,0418217577,Société Nationale de Construction Aérospatiale,LF A2
0219919487,Société Regionale d'Investissement de Wallonie,0419202029,B.E. FIN SA,Liege
0219919487,Société Regionale d'Investissement de Wallonie,0421988404,FIWAPAC SA,Liege
0219919487,Société Regionale d'Investissement de Wallonie,0426091207,SOFIBAIL SA,Liege
0219919487,Société Regionale d'Investissement de Wallonie,0426516918,SRIW ENVIRONNEMENT SA,Liege
0219919487,Société Regionale d'Investissement de Wallonie,0429547573,SRIW FINANCE SA,Liege
0219919487,Société Regionale d'Investissement de Wallonie,0434854760,SRIW IMMOBILIER SA,Liege
0219919487,Société Regionale d'Investissement de Wallonie,0437249076,SYNERGIES WALLONIE SA,Liege
0219919487,Société Regionale d'Investissement de Wallonie,0455653441,SOWECSOM SA,Liege
0219919487,Société Regionale d'Investissement de Wallonie,0466557627,Société DE FINANCEMENT DES EAUX SA,Liege
0219919487,Société Regionale d'Investissement de Wallonie,0657816980,WOW SA,Liege
0405747040,PRAYON,0425177823,Société INDUSTRIELLE LIEGEOISE DES OXYDES,LF A2
0405747040,PRAYON,0405742090,PRAYON BENELUX SA,Liege
0405747040,PRAYON,0419644566,PRAYON TECHNOLOGIES SA,Liege
0405747040,PRAYON,0440744838,beLife SA,Liege
0405747040,PRAYON,0846150202,beLife Intermediates SA,Liege
0418217577,Société Nationale de Construction Aérospatiale,0444302758,HOMIFREEZ,bestand centra
0418217577,Société Nationale de Construction Aérospatiale,0631792672,SONACA VENTURES HOLDING,SCS
0418217577,Société Nationale de Construction Aérospatiale,0637867149,SONACA AIRCRAFT,SCS
0425177823,Société INDUSTRIELLE LIEGEOISE DES OXYDES,0401872483,JEAN GOLDSCHMIDT INTERNATIONAL,LF A2
0425177823,Société INDUSTRIELLE LIEGEOISE DES OXYDES,0401872483,JEAN GOLDSCHMIDT INTERNATIONAL,Liege
0425177823,Société INDUSTRIELLE LIEGEOISE DES OXYDES,0425177823,Société INDUSTRIELLE LIEGEOISE DES OXYDES,Liege
0425177823,Société INDUSTRIELLE LIEGEOISE DES OXYDES,0427416939,HYDROMETAL,Liege
0426516918,SRIW ENVIRONNEMENT SA,0435376382,NV DEME ENVIRONMENTAL CONTRACTORS,LF A2
0429547573,SRIW FINANCE SA,0407026747,SA LIBEERT,LF A2

2023-05-09 17:24:07 INFO  UploadCsv:42 - 0219919487,Société Regionale d'Investissement de Wallonie,0405747040,PRAYON,LF A2
0219919487,Société Regionale d'Investissement de Wallonie,0418217577,Société Nationale de Construction Aérospatiale,LF A2
0219919487,Société Regionale d'Investissement de Wallonie,0419202029,B.E. FIN SA,Liege
0219919487,Société Regionale d'Investissement de Wallonie,0421988404,FIWAPAC SA,Liege
0219919487,Société Regionale d'Investissement de Wallonie,0426091207,SOFIBAIL SA,Liege
0219919487,Société Regionale d'Investissement de Wallonie,0426516918,SRIW ENVIRONNEMENT SA,Liege
0219919487,Société Regionale d'Investissement de Wallonie,0429547573,SRIW FINANCE SA,Liege
0219919487,Société Regionale d'Investissement de Wallonie,0434854760,SRIW IMMOBILIER SA,Liege
0219919487,Société Regionale d'Investissement de Wallonie,0437249076,SYNERGIES WALLONIE SA,Liege
0219919487,Société Regionale d'Investissement de Wallonie,0455653441,SOWECSOM SA,Liege
0219919487,Société Regionale d'Investissement de Wallonie,0466557627,Société DE FINANCEMENT DES EAUX SA,Liege
0219919487,Société Regionale d'Investissement de Wallonie,0657816980,WOW SA,Liege
0405747040,PRAYON,0425177823,Société INDUSTRIELLE LIEGEOISE DES OXYDES,LF A2
0405747040,PRAYON,0405742090,PRAYON BENELUX SA,Liege
0405747040,PRAYON,0419644566,PRAYON TECHNOLOGIES SA,Liege
0405747040,PRAYON,0440744838,beLife SA,Liege
0405747040,PRAYON,0846150202,beLife Intermediates SA,Liege
0418217577,Société Nationale de Construction Aérospatiale,0444302758,HOMIFREEZ,bestand centra
0418217577,Société Nationale de Construction Aérospatiale,0631792672,SONACA VENTURES HOLDING,SCS
0418217577,Société Nationale de Construction Aérospatiale,0637867149,SONACA AIRCRAFT,SCS
0425177823,Société INDUSTRIELLE LIEGEOISE DES OXYDES,0401872483,JEAN GOLDSCHMIDT INTERNATIONAL,LF A2
0425177823,Société INDUSTRIELLE LIEGEOISE DES OXYDES,0401872483,JEAN GOLDSCHMIDT INTERNATIONAL,Liege
0425177823,Société INDUSTRIELLE LIEGEOISE DES OXYDES,0425177823,Société INDUSTRIELLE LIEGEOISE DES OXYDES,Liege
0425177823,Société INDUSTRIELLE LIEGEOISE DES OXYDES,0427416939,HYDROMETAL,Liege
0426516918,SRIW ENVIRONNEMENT SA,0435376382,NV DEME ENVIRONMENTAL CONTRACTORS,LF A2
0429547573,SRIW FINANCE SA,0407026747,SA LIBEERT,LF A2

